==13747== Memcheck, a memory error detector
==13747== Copyright (C) 2002-2017, and GNU GPL'd, by Julian Seward et al.
==13747== Using Valgrind-3.15.0 and LibVEX; rerun with -h for copyright info
==13747== Command: ./bounds
==13747== Parent PID: 13740
==13747== 
==13747== Invalid write of size 4
==13747==    at 0x10916D: main (bounds.c:6)
==13747==  Address 0x4a501d0 is 0 bytes after a block of size 400 alloc'd
==13747==    at 0x483B7F3: malloc (in /usr/lib/x86_64-linux-gnu/valgrind/vgpreload_memcheck-amd64-linux.so)
==13747==    by 0x10915E: main (bounds.c:5)
==13747== 
==13747== 
==13747== HEAP SUMMARY:
==13747==     in use at exit: 400 bytes in 1 blocks
==13747==   total heap usage: 1 allocs, 0 frees, 400 bytes allocated
==13747== 
==13747== 400 bytes in 1 blocks are definitely lost in loss record 1 of 1
==13747==    at 0x483B7F3: malloc (in /usr/lib/x86_64-linux-gnu/valgrind/vgpreload_memcheck-amd64-linux.so)
==13747==    by 0x10915E: main (bounds.c:5)
==13747== 
==13747== LEAK SUMMARY:
==13747==    definitely lost: 400 bytes in 1 blocks
==13747==    indirectly lost: 0 bytes in 0 blocks
==13747==      possibly lost: 0 bytes in 0 blocks
==13747==    still reachable: 0 bytes in 0 blocks
==13747==         suppressed: 0 bytes in 0 blocks
==13747== 
==13747== For lists of detected and suppressed errors, rerun with: -s
==13747== ERROR SUMMARY: 2 errors from 2 contexts (suppressed: 0 from 0)
