==13985== Memcheck, a memory error detector
==13985== Copyright (C) 2002-2017, and GNU GPL'd, by Julian Seward et al.
==13985== Using Valgrind-3.15.0 and LibVEX; rerun with -h for copyright info
==13985== Command: ./datagone
==13985== Parent PID: 13978
==13985== 
==13985== Invalid read of size 4
==13985==    at 0x1091B9: main (datagone.c:7)
==13985==  Address 0x4a50108 is 200 bytes inside a block of size 400 free'd
==13985==    at 0x483CA3F: free (in /usr/lib/x86_64-linux-gnu/valgrind/vgpreload_memcheck-amd64-linux.so)
==13985==    by 0x1091AE: main (datagone.c:6)
==13985==  Block was alloc'd at
==13985==    at 0x483B7F3: malloc (in /usr/lib/x86_64-linux-gnu/valgrind/vgpreload_memcheck-amd64-linux.so)
==13985==    by 0x10919E: main (datagone.c:5)
==13985== 
==13985== 
==13985== HEAP SUMMARY:
==13985==     in use at exit: 0 bytes in 0 blocks
==13985==   total heap usage: 2 allocs, 2 frees, 1,424 bytes allocated
==13985== 
==13985== All heap blocks were freed -- no leaks are possible
==13985== 
==13985== For lists of detected and suppressed errors, rerun with: -s
==13985== ERROR SUMMARY: 1 errors from 1 contexts (suppressed: 0 from 0)
