==14222== Memcheck, a memory error detector
==14222== Copyright (C) 2002-2017, and GNU GPL'd, by Julian Seward et al.
==14222== Using Valgrind-3.15.0 and LibVEX; rerun with -h for copyright info
==14222== Command: ./freebad
==14222== Parent PID: 14215
==14222== 
==14222== Invalid free() / delete / delete[] / realloc()
==14222==    at 0x483CA3F: free (in /usr/lib/x86_64-linux-gnu/valgrind/vgpreload_memcheck-amd64-linux.so)
==14222==    by 0x109194: main (freebad.c:6)
==14222==  Address 0x4a50108 is 200 bytes inside a block of size 400 alloc'd
==14222==    at 0x483B7F3: malloc (in /usr/lib/x86_64-linux-gnu/valgrind/vgpreload_memcheck-amd64-linux.so)
==14222==    by 0x10917E: main (freebad.c:5)
==14222== 
==14222== 
==14222== HEAP SUMMARY:
==14222==     in use at exit: 400 bytes in 1 blocks
==14222==   total heap usage: 1 allocs, 1 frees, 400 bytes allocated
==14222== 
==14222== 400 bytes in 1 blocks are definitely lost in loss record 1 of 1
==14222==    at 0x483B7F3: malloc (in /usr/lib/x86_64-linux-gnu/valgrind/vgpreload_memcheck-amd64-linux.so)
==14222==    by 0x10917E: main (freebad.c:5)
==14222== 
==14222== LEAK SUMMARY:
==14222==    definitely lost: 400 bytes in 1 blocks
==14222==    indirectly lost: 0 bytes in 0 blocks
==14222==      possibly lost: 0 bytes in 0 blocks
==14222==    still reachable: 0 bytes in 0 blocks
==14222==         suppressed: 0 bytes in 0 blocks
==14222== 
==14222== For lists of detected and suppressed errors, rerun with: -s
==14222== ERROR SUMMARY: 2 errors from 2 contexts (suppressed: 0 from 0)
