==13517== Memcheck, a memory error detector
==13517== Copyright (C) 2002-2017, and GNU GPL'd, by Julian Seward et al.
==13517== Using Valgrind-3.15.0 and LibVEX; rerun with -h for copyright info
==13517== Command: ./nofree
==13517== Parent PID: 13507
==13517== 
==13517== 
==13517== HEAP SUMMARY:
==13517==     in use at exit: 1,024 bytes in 1 blocks
==13517==   total heap usage: 1 allocs, 0 frees, 1,024 bytes allocated
==13517== 
==13517== 1,024 bytes in 1 blocks are definitely lost in loss record 1 of 1
==13517==    at 0x483B7F3: malloc (in /usr/lib/x86_64-linux-gnu/valgrind/vgpreload_memcheck-amd64-linux.so)
==13517==    by 0x10915A: main (nofree.c:5)
==13517== 
==13517== LEAK SUMMARY:
==13517==    definitely lost: 1,024 bytes in 1 blocks
==13517==    indirectly lost: 0 bytes in 0 blocks
==13517==      possibly lost: 0 bytes in 0 blocks
==13517==    still reachable: 0 bytes in 0 blocks
==13517==         suppressed: 0 bytes in 0 blocks
==13517== 
==13517== For lists of detected and suppressed errors, rerun with: -s
==13517== ERROR SUMMARY: 1 errors from 1 contexts (suppressed: 0 from 0)
