==12931== Memcheck, a memory error detector
==12931== Copyright (C) 2002-2017, and GNU GPL'd, by Julian Seward et al.
==12931== Using Valgrind-3.15.0 and LibVEX; rerun with -h for copyright info
==12931== Command: ./null
==12931== Parent PID: 12923
==12931== 
==12931== Invalid write of size 4
==12931==    at 0x10913D: main (null.c:5)
==12931==  Address 0x0 is not stack'd, malloc'd or (recently) free'd
==12931== 
==12931== 
==12931== Process terminating with default action of signal 11 (SIGSEGV)
==12931==  Access not within mapped region at address 0x0
==12931==    at 0x10913D: main (null.c:5)
==12931==  If you believe this happened as a result of a stack
==12931==  overflow in your program's main thread (unlikely but
==12931==  possible), you can try to increase the size of the
==12931==  main thread stack using the --main-stacksize= flag.
==12931==  The main thread stack size used in this run was 8388608.
==12931== 
==12931== HEAP SUMMARY:
==12931==     in use at exit: 0 bytes in 0 blocks
==12931==   total heap usage: 0 allocs, 0 frees, 0 bytes allocated
==12931== 
==12931== All heap blocks were freed -- no leaks are possible
==12931== 
==12931== For lists of detected and suppressed errors, rerun with: -s
==12931== ERROR SUMMARY: 1 errors from 1 contexts (suppressed: 0 from 0)
